<testsuite name="maven-ci-cd-test-suite" time="0.462" failures="0" errors="0" skipped="0" tests="1">
  <properties>
    <property key="java.runtime.name" value="Java(TM) SE Runtime Environment"/>
    <property key="sun.boot.library.path" value="C:\jdk1.8.0_45\jre\bin"/>
    <property key="java.vm.version" value="25.45-b02"/>
    <property key="maven.multiModuleProjectDirectory" value="C:\Users\mjabran\AnypointStudio\workspace\maven-ci-cd-test"/>
    <property key="java.vm.vendor" value="Oracle Corporation"/>
    <property key="java.vendor.url" value="http://java.oracle.com/"/>
    <property key="guice.disable.misplaced.annotation.check" value="true"/>
    <property key="path.separator" value=";"/>
    <property key="java.vm.name" value="Java HotSpot(TM) Client VM"/>
    <property key="file.encoding.pkg" value="sun.io"/>
    <property key="user.country" value="NZ"/>
    <property key="user.script" value=""/>
    <property key="sun.java.launcher" value="SUN_STANDARD"/>
    <property key="sun.os.patch.level" value=""/>
    <property key="java.vm.specification.name" value="Java Virtual Machine Specification"/>
    <property key="user.dir" value="C:\Users\mjabran\AnypointStudio\workspace\maven-ci-cd-test"/>
    <property key="java.runtime.version" value="1.8.0_45-b15"/>
    <property key="java.awt.graphicsenv" value="sun.awt.Win32GraphicsEnvironment"/>
    <property key="java.endorsed.dirs" value="C:\jdk1.8.0_45\jre\lib\endorsed"/>
    <property key="os.arch" value="x86"/>
    <property key="java.io.tmpdir" value="C:\Users\mjabran\AppData\Local\Temp\"/>
    <property key="line.separator" value="&#xd;&#xa;"/>
    <property key="java.vm.specification.vendor" value="Oracle Corporation"/>
    <property key="user.variant" value=""/>
    <property key="os.name" value="Windows 8.1"/>
    <property key="classworlds.conf" value="C:\Users\mjabran\Downloads\apache-maven-3.3.9-bin\apache-maven-3.3.9\bin\..\bin\m2.conf"/>
    <property key="sun.jnu.encoding" value="Cp1252"/>
    <property key="java.library.path" value="C:\jdk1.8.0_45\bin;C:\Windows\Sun\Java\bin;C:\Windows\system32;C:\Windows;C:\Program Files (x86)\Intel\iCLS Client\;C:\Program Files\Intel\iCLS Client\;C:\Windows\system32;C:\Windows;C:\Windows\System32\Wbem;C:\Windows\System32\WindowsPowerShell\v1.0\;C:\Program Files\Intel\Intel(R) Management Engine Components\DAL;C:\Program Files (x86)\Intel\Intel(R) Management Engine Components\DAL;C:\Program Files\Intel\Intel(R) Management Engine Components\IPT;C:\Program Files (x86)\Intel\Intel(R) Management Engine Components\IPT;c:\Program Files\Intel\WiFi\bin\;c:\Program Files\Common Files\Intel\WirelessCommon\;K:\Sol64\Backup;C:\Users\mjabran\groovy-2.4.11\bin;C:\Users\mjabran\db-derby-10.13.1.1-bin\bin;C:\Users\mjabran\Downloads\apache-maven-3.3.9-bin\apache-maven-3.3.9\bin;;."/>
    <property key="java.specification.name" value="Java Platform API Specification"/>
    <property key="java.class.version" value="52.0"/>
    <property key="sun.management.compiler" value="HotSpot Client Compiler"/>
    <property key="os.version" value="6.3"/>
    <property key="user.home" value="C:\Users\mjabran"/>
    <property key="user.timezone" value="Pacific/Auckland"/>
    <property key="java.awt.printerjob" value="sun.awt.windows.WPrinterJob"/>
    <property key="file.encoding" value="Cp1252"/>
    <property key="java.specification.version" value="1.8"/>
    <property key="java.class.path" value="C:\Users\mjabran\Downloads\apache-maven-3.3.9-bin\apache-maven-3.3.9\bin\..\boot\plexus-classworlds-2.5.2.jar"/>
    <property key="user.name" value="mjabran"/>
    <property key="java.vm.specification.version" value="1.8"/>
    <property key="sun.java.command" value="org.codehaus.plexus.classworlds.launcher.Launcher clean package"/>
    <property key="java.home" value="C:\jdk1.8.0_45\jre"/>
    <property key="sun.arch.data.model" value="32"/>
    <property key="user.language" value="en"/>
    <property key="java.specification.vendor" value="Oracle Corporation"/>
    <property key="awt.toolkit" value="sun.awt.windows.WToolkit"/>
    <property key="java.vm.info" value="mixed mode"/>
    <property key="java.version" value="1.8.0_45"/>
    <property key="java.ext.dirs" value="C:\jdk1.8.0_45\jre\lib\ext;C:\Windows\Sun\Java\lib\ext"/>
    <property key="sun.boot.class.path" value="C:\jdk1.8.0_45\jre\lib\resources.jar;C:\jdk1.8.0_45\jre\lib\rt.jar;C:\jdk1.8.0_45\jre\lib\sunrsasign.jar;C:\jdk1.8.0_45\jre\lib\jsse.jar;C:\jdk1.8.0_45\jre\lib\jce.jar;C:\jdk1.8.0_45\jre\lib\charsets.jar;C:\jdk1.8.0_45\jre\lib\jfr.jar;C:\jdk1.8.0_45\jre\classes"/>
    <property key="java.vendor" value="Oracle Corporation"/>
    <property key="sun.stderr.encoding" value="cp850"/>
    <property key="maven.home" value="C:\Users\mjabran\Downloads\apache-maven-3.3.9-bin\apache-maven-3.3.9\bin\.."/>
    <property key="file.separator" value="\"/>
    <property key="java.vendor.url.bug" value="http://bugreport.sun.com/bugreport/"/>
    <property key="sun.io.unicode.encoding" value="UnicodeLittle"/>
    <property key="sun.cpu.endian" value="little"/>
    <property key="sun.stdout.encoding" value="cp850"/>
    <property key="sun.desktop" value="windows"/>
    <property key="sun.cpu.isalist" value="pentium_pro+mmx pentium_pro pentium+mmx pentium i486 i386 i86"/>
    <property key="mule.testingMode" value="true"/>
    <property key="mule.working.dir" value="C:\Users\mjabran\AnypointStudio\workspace\maven-ci-cd-test\target\.mule"/>
  </properties>
  <testcase time="0.069" name="maven-ci-cd-test-suite-maven-ci-cd-testFlowTest" classname="maven-ci-cd-test-suite"/>
</testsuite>